<?xml version="1.0" encoding="UTF-8"?>
<!-- Generated by org.testng.reporters.JUnitXMLReporter -->
<testsuite hostname="DESKTOP-HE32O0P" name="Test" tests="3" failures="0" timestamp="31 Dec 2019 08:15:55 GMT" time="3.828" errors="0">
  <testcase name="get_list_user" time="2.898" classname="Test_case.List_Userr"/>
  <testcase name="get_list_user_1" time="0.328" classname="Test_case.List_Userr"/>
  <testcase name="get_list_user_1" time="0.549" classname="Test_case.A"/>
</testsuite> <!-- Test -->
